{"name":"Admin Add A new User","testSteps":[{"number":1,"description":"Given User navigate to Bug Tracker App Login Page","duration":19963,"startTime":1521212455487,"screenshots":[{"screenshot":"eeb4143e72bd44cb5b463c2701aa3852.png"}],"result":"SUCCESS"},{"number":2,"description":"When User Sing In to Bug tracker with Valid Credentials","duration":102934,"startTime":1521212475450,"screenshots":[{"screenshot":"eeb4143e72bd44cb5b463c2701aa3852.png","htmlSource":"pagesource6511570004324743666.html.txt"}],"exception":{"errorType":"org.openqa.selenium.NoSuchElementException","message":"Timed out after 50 seconds. Element not found\nFor documentation on this error, please visit: http://seleniumhq.org/exceptions/no_such_element.html\nBuild info: version: \u00272.53.0\u0027, revision: \u002735ae25b1534ae328c771e0856c93e187490ca824\u0027, time: \u00272016-03-15 10:43:46\u0027\nSystem info: host: \u0027SHAJIB\u0027, ip: \u0027192.168.160.2\u0027, os.name: \u0027Windows 10\u0027, os.arch: \u0027amd64\u0027, os.version: \u002710.0\u0027, java.version: \u00271.8.0_121\u0027\nDriver info: driver.version: unknown\nFor documentation on this error, please visit: http://seleniumhq.org/exceptions/no_such_element.html\nBuild info: version: \u00272.53.0\u0027, revision: \u002735ae25b1534ae328c771e0856c93e187490ca824\u0027, time: \u00272016-03-15 10:43:46\u0027\nSystem info: host: \u0027SHAJIB\u0027, ip: \u0027192.168.160.2\u0027, os.name: \u0027Windows 10\u0027, os.arch: \u0027amd64\u0027, os.version: \u002710.0\u0027, java.version: \u00271.8.0_121\u0027\nDriver info: driver.version: unknown","stackTrace":[{"declaringClass":"net.serenity.bdd.junit.cucumber.pages.BugTrackerLogInPage","methodName":"performLogIn","fileName":"BugTrackerLogInPage.java","lineNumber":36},{"declaringClass":"net.serenity.bdd.junit.cucumber.stepDef.BugTrackerStepDef","methodName":"user_Sing_In_to_Bug_tracker_with_Valid_Credentials","fileName":"BugTrackerStepDef.java","lineNumber":22},{"declaringClass":"✽","methodName":"When User Sing In to Bug tracker with Valid Credentials","fileName":"BugTrackerApp/ApExBugTracker.feature","lineNumber":4}],"COLLAPSE_NEW_LINE_HINTS":["AssertionError","Expected","Expecting","ComparisonFailure"]},"result":"ERROR"},{"number":3,"description":"Given User is logged in to the Bug Tracker Application As an Admin","duration":10,"startTime":1521212578384,"result":"SKIPPED"},{"number":4,"description":"When Admin Add A New User","duration":0,"startTime":1521212578394,"result":"SKIPPED"},{"number":5,"description":"Then Admin Logout form his account","duration":0,"startTime":1521212578394,"result":"SKIPPED"}],"userStory":{"id":"bug-tracker-app","storyName":"Bug Tracker App","path":"BugTrackerApp/ApExBugTracker.feature","type":"feature"},"title":"Admin Add A new User","description":"","tags":[{"name":"Bug tracker app","type":"epic"},{"name":"Bug Tracker App","type":"feature"},{"name":"Bug tracker app/Bug tracker app","type":"feature"}],"startTime":1521212454717,"duration":123677,"testFailureCause":{"errorType":"org.openqa.selenium.NoSuchElementException","message":"Timed out after 50 seconds. Element not found\nFor documentation on this error, please visit: http://seleniumhq.org/exceptions/no_such_element.html\nBuild info: version: \u00272.53.0\u0027, revision: \u002735ae25b1534ae328c771e0856c93e187490ca824\u0027, time: \u00272016-03-15 10:43:46\u0027\nSystem info: host: \u0027SHAJIB\u0027, ip: \u0027192.168.160.2\u0027, os.name: \u0027Windows 10\u0027, os.arch: \u0027amd64\u0027, os.version: \u002710.0\u0027, java.version: \u00271.8.0_121\u0027\nDriver info: driver.version: unknown\nFor documentation on this error, please visit: http://seleniumhq.org/exceptions/no_such_element.html\nBuild info: version: \u00272.53.0\u0027, revision: \u002735ae25b1534ae328c771e0856c93e187490ca824\u0027, time: \u00272016-03-15 10:43:46\u0027\nSystem info: host: \u0027SHAJIB\u0027, ip: \u0027192.168.160.2\u0027, os.name: \u0027Windows 10\u0027, os.arch: \u0027amd64\u0027, os.version: \u002710.0\u0027, java.version: \u00271.8.0_121\u0027\nDriver info: driver.version: unknown","stackTrace":[{"declaringClass":"net.serenity.bdd.junit.cucumber.pages.BugTrackerLogInPage","methodName":"performLogIn","fileName":"BugTrackerLogInPage.java","lineNumber":36},{"declaringClass":"net.serenity.bdd.junit.cucumber.stepDef.BugTrackerStepDef","methodName":"user_Sing_In_to_Bug_tracker_with_Valid_Credentials","fileName":"BugTrackerStepDef.java","lineNumber":22},{"declaringClass":"✽","methodName":"When User Sing In to Bug tracker with Valid Credentials","fileName":"BugTrackerApp/ApExBugTracker.feature","lineNumber":4}],"COLLAPSE_NEW_LINE_HINTS":["AssertionError","Expected","Expecting","ComparisonFailure"]},"testFailureClassname":"org.openqa.selenium.NoSuchElementException","testFailureMessage":"Timed out after 50 seconds. Element not found\nFor documentation on this error, please visit: http://seleniumhq.org/exceptions/no_such_element.html\nBuild info: version: \u00272.53.0\u0027, revision: \u002735ae25b1534ae328c771e0856c93e187490ca824\u0027, time: \u00272016-03-15 10:43:46\u0027\nSystem info: host: \u0027SHAJIB\u0027, ip: \u0027192.168.160.2\u0027, os.name: \u0027Windows 10\u0027, os.arch: \u0027amd64\u0027, os.version: \u002710.0\u0027, java.version: \u00271.8.0_121\u0027\nDriver info: driver.version: unknown\nFor documentation on this error, please visit: http://seleniumhq.org/exceptions/no_such_element.html\nBuild info: version: \u00272.53.0\u0027, revision: \u002735ae25b1534ae328c771e0856c93e187490ca824\u0027, time: \u00272016-03-15 10:43:46\u0027\nSystem info: host: \u0027SHAJIB\u0027, ip: \u0027192.168.160.2\u0027, os.name: \u0027Windows 10\u0027, os.arch: \u0027amd64\u0027, os.version: \u002710.0\u0027, java.version: \u00271.8.0_121\u0027\nDriver info: driver.version: unknown","annotatedResult":"ERROR","sessionId":"4909c84fc46eefc55c3329ab81e4d8b8","driver":"chrome","manual":false,"result":"ERROR"}