{"name":"Happy Path","testSteps":[{"number":1,"description":"Given User navigate to Simple Web Sheet Login Page","duration":10341,"startTime":1521212599423,"screenshots":[{"screenshot":"f5200d8a8eee6519772a1c1f275cbc45.png"}],"result":"SUCCESS","children":[{"number":2,"description":"Open log in page","duration":9889,"startTime":1521212599563,"screenshots":[{"screenshot":"f5200d8a8eee6519772a1c1f275cbc45.png"}],"result":"SUCCESS"}]},{"number":3,"description":"When User Sing In with Valid user name and valid password","duration":100992,"startTime":1521212609764,"screenshots":[{"screenshot":"f5200d8a8eee6519772a1c1f275cbc45.png","htmlSource":"pagesource7844707672403479957.html.txt"}],"exception":{"errorType":"org.openqa.selenium.NoSuchElementException","message":"Timed out after 50 seconds. Element not found\nFor documentation on this error, please visit: http://seleniumhq.org/exceptions/no_such_element.html\nBuild info: version: \u00272.53.0\u0027, revision: \u002735ae25b1534ae328c771e0856c93e187490ca824\u0027, time: \u00272016-03-15 10:43:46\u0027\nSystem info: host: \u0027SHAJIB\u0027, ip: \u0027192.168.160.2\u0027, os.name: \u0027Windows 10\u0027, os.arch: \u0027amd64\u0027, os.version: \u002710.0\u0027, java.version: \u00271.8.0_121\u0027\nDriver info: driver.version: unknown\nFor documentation on this error, please visit: http://seleniumhq.org/exceptions/no_such_element.html\nBuild info: version: \u00272.53.0\u0027, revision: \u002735ae25b1534ae328c771e0856c93e187490ca824\u0027, time: \u00272016-03-15 10:43:46\u0027\nSystem info: host: \u0027SHAJIB\u0027, ip: \u0027192.168.160.2\u0027, os.name: \u0027Windows 10\u0027, os.arch: \u0027amd64\u0027, os.version: \u002710.0\u0027, java.version: \u00271.8.0_121\u0027\nDriver info: driver.version: unknown","stackTrace":[{"declaringClass":"net.serenity.bdd.junit.cucumber.pages.LoginPage","methodName":"performLogIn","fileName":"LoginPage.java","lineNumber":29},{"declaringClass":"net.serenity.bdd.junit.cucumber.stepDef.WebSheetStepDef","methodName":"user_Sing_In_with_Valid__valid","fileName":"WebSheetStepDef.java","lineNumber":36},{"declaringClass":"✽","methodName":"When User Sing In with Valid user name and valid password","fileName":"WebSheetApp/ApExWebSheet.feature","lineNumber":4}],"COLLAPSE_NEW_LINE_HINTS":["AssertionError","Expected","Expecting","ComparisonFailure"]},"result":"ERROR"},{"number":4,"description":"Then User do some administrative work on Dashbord","duration":0,"startTime":1521212710756,"result":"SKIPPED"}],"userStory":{"id":"simple-web-app","storyName":"Simple Web App","path":"WebSheetApp/ApExWebSheet.feature","type":"feature"},"title":"Happy Path","description":"","tags":[{"name":"Simple Web App","type":"feature"},{"name":"Web sheet app","type":"epic"},{"name":"Web sheet app/Simple web app","type":"feature"}],"startTime":1521212599413,"duration":111343,"testFailureCause":{"errorType":"org.openqa.selenium.NoSuchElementException","message":"Timed out after 50 seconds. Element not found\nFor documentation on this error, please visit: http://seleniumhq.org/exceptions/no_such_element.html\nBuild info: version: \u00272.53.0\u0027, revision: \u002735ae25b1534ae328c771e0856c93e187490ca824\u0027, time: \u00272016-03-15 10:43:46\u0027\nSystem info: host: \u0027SHAJIB\u0027, ip: \u0027192.168.160.2\u0027, os.name: \u0027Windows 10\u0027, os.arch: \u0027amd64\u0027, os.version: \u002710.0\u0027, java.version: \u00271.8.0_121\u0027\nDriver info: driver.version: unknown\nFor documentation on this error, please visit: http://seleniumhq.org/exceptions/no_such_element.html\nBuild info: version: \u00272.53.0\u0027, revision: \u002735ae25b1534ae328c771e0856c93e187490ca824\u0027, time: \u00272016-03-15 10:43:46\u0027\nSystem info: host: \u0027SHAJIB\u0027, ip: \u0027192.168.160.2\u0027, os.name: \u0027Windows 10\u0027, os.arch: \u0027amd64\u0027, os.version: \u002710.0\u0027, java.version: \u00271.8.0_121\u0027\nDriver info: driver.version: unknown","stackTrace":[{"declaringClass":"net.serenity.bdd.junit.cucumber.pages.LoginPage","methodName":"performLogIn","fileName":"LoginPage.java","lineNumber":29},{"declaringClass":"net.serenity.bdd.junit.cucumber.stepDef.WebSheetStepDef","methodName":"user_Sing_In_with_Valid__valid","fileName":"WebSheetStepDef.java","lineNumber":36},{"declaringClass":"✽","methodName":"When User Sing In with Valid user name and valid password","fileName":"WebSheetApp/ApExWebSheet.feature","lineNumber":4}],"COLLAPSE_NEW_LINE_HINTS":["AssertionError","Expected","Expecting","ComparisonFailure"]},"testFailureClassname":"org.openqa.selenium.NoSuchElementException","testFailureMessage":"Timed out after 50 seconds. Element not found\nFor documentation on this error, please visit: http://seleniumhq.org/exceptions/no_such_element.html\nBuild info: version: \u00272.53.0\u0027, revision: \u002735ae25b1534ae328c771e0856c93e187490ca824\u0027, time: \u00272016-03-15 10:43:46\u0027\nSystem info: host: \u0027SHAJIB\u0027, ip: \u0027192.168.160.2\u0027, os.name: \u0027Windows 10\u0027, os.arch: \u0027amd64\u0027, os.version: \u002710.0\u0027, java.version: \u00271.8.0_121\u0027\nDriver info: driver.version: unknown\nFor documentation on this error, please visit: http://seleniumhq.org/exceptions/no_such_element.html\nBuild info: version: \u00272.53.0\u0027, revision: \u002735ae25b1534ae328c771e0856c93e187490ca824\u0027, time: \u00272016-03-15 10:43:46\u0027\nSystem info: host: \u0027SHAJIB\u0027, ip: \u0027192.168.160.2\u0027, os.name: \u0027Windows 10\u0027, os.arch: \u0027amd64\u0027, os.version: \u002710.0\u0027, java.version: \u00271.8.0_121\u0027\nDriver info: driver.version: unknown","annotatedResult":"ERROR","sessionId":"c39884cbf3699bc0d3c70ef9d58230b0","driver":"chrome","manual":false,"result":"ERROR"}