-------------------------------------------------------------------------------
Test set: net.serenity.bdd.junit.cucumber.Runner
-------------------------------------------------------------------------------
Tests run: 14, Failures: 0, Errors: 4, Skipped: 4, Time elapsed: 259.145 sec <<< FAILURE! - in net.serenity.bdd.junit.cucumber.Runner
When User Sing In to Bug tracker with Valid Credentials(Scenario: Admin Add A new User)  Time elapsed: 0.061 sec  <<< ERROR!
org.openqa.selenium.NoSuchElementException: Timed out after 50 seconds. Element not found
For documentation on this error, please visit: http://seleniumhq.org/exceptions/no_such_element.html
Build info: version: '2.53.0', revision: '35ae25b1534ae328c771e0856c93e187490ca824', time: '2016-03-15 10:43:46'
System info: host: 'SHAJIB', ip: '192.168.160.2', os.name: 'Windows 10', os.arch: 'amd64', os.version: '10.0', java.version: '1.8.0_121'
Driver info: driver.version: unknown
	at net.thucydides.core.annotations.locators.SmartAjaxElementLocator.ajaxFindElement(SmartAjaxElementLocator.java:145)
	at net.thucydides.core.annotations.locators.SmartAjaxElementLocator.findElement(SmartAjaxElementLocator.java:93)
	at net.serenitybdd.core.pages.WebElementFacadeImpl.getElement(WebElementFacadeImpl.java:144)
	at net.serenitybdd.core.pages.WebElementFacadeImpl.sendKeys(WebElementFacadeImpl.java:1040)
	at sun.reflect.NativeMethodAccessorImpl.invoke0(Native Method)
	at sun.reflect.NativeMethodAccessorImpl.invoke(NativeMethodAccessorImpl.java:62)
	at sun.reflect.DelegatingMethodAccessorImpl.invoke(DelegatingMethodAccessorImpl.java:43)
	at java.lang.reflect.Method.invoke(Method.java:498)
	at net.thucydides.core.annotations.locators.AbstractSingleItemHandler.invoke(AbstractSingleItemHandler.java:45)
	at com.sun.proxy.$Proxy28.sendKeys(Unknown Source)
	at net.serenity.bdd.junit.cucumber.pages.BugTrackerLogInPage.performLogIn(BugTrackerLogInPage.java:36)
	at net.serenity.bdd.junit.cucumber.stepDef.BugTrackerStepDef.user_Sing_In_to_Bug_tracker_with_Valid_Credentials(BugTrackerStepDef.java:22)
	at ?.When User Sing In to Bug tracker with Valid Credentials(BugTrackerApp/ApExBugTracker.feature:4)

Scenario: Admin Add A new User  Time elapsed: 0.061 sec  <<< ERROR!
org.openqa.selenium.NoSuchElementException: Timed out after 50 seconds. Element not found
For documentation on this error, please visit: http://seleniumhq.org/exceptions/no_such_element.html
Build info: version: '2.53.0', revision: '35ae25b1534ae328c771e0856c93e187490ca824', time: '2016-03-15 10:43:46'
System info: host: 'SHAJIB', ip: '192.168.160.2', os.name: 'Windows 10', os.arch: 'amd64', os.version: '10.0', java.version: '1.8.0_121'
Driver info: driver.version: unknown
	at net.thucydides.core.annotations.locators.SmartAjaxElementLocator.ajaxFindElement(SmartAjaxElementLocator.java:145)
	at net.thucydides.core.annotations.locators.SmartAjaxElementLocator.findElement(SmartAjaxElementLocator.java:93)
	at net.serenitybdd.core.pages.WebElementFacadeImpl.getElement(WebElementFacadeImpl.java:144)
	at net.serenitybdd.core.pages.WebElementFacadeImpl.sendKeys(WebElementFacadeImpl.java:1040)
	at sun.reflect.NativeMethodAccessorImpl.invoke0(Native Method)
	at sun.reflect.NativeMethodAccessorImpl.invoke(NativeMethodAccessorImpl.java:62)
	at sun.reflect.DelegatingMethodAccessorImpl.invoke(DelegatingMethodAccessorImpl.java:43)
	at java.lang.reflect.Method.invoke(Method.java:498)
	at net.thucydides.core.annotations.locators.AbstractSingleItemHandler.invoke(AbstractSingleItemHandler.java:45)
	at com.sun.proxy.$Proxy28.sendKeys(Unknown Source)
	at net.serenity.bdd.junit.cucumber.pages.BugTrackerLogInPage.performLogIn(BugTrackerLogInPage.java:36)
	at net.serenity.bdd.junit.cucumber.stepDef.BugTrackerStepDef.user_Sing_In_to_Bug_tracker_with_Valid_Credentials(BugTrackerStepDef.java:22)
	at ?.When User Sing In to Bug tracker with Valid Credentials(BugTrackerApp/ApExBugTracker.feature:4)

When User Sing In with Valid user name and valid password(Scenario: Happy Path)  Time elapsed: 0.01 sec  <<< ERROR!
org.openqa.selenium.NoSuchElementException: Timed out after 50 seconds. Element not found
For documentation on this error, please visit: http://seleniumhq.org/exceptions/no_such_element.html
Build info: version: '2.53.0', revision: '35ae25b1534ae328c771e0856c93e187490ca824', time: '2016-03-15 10:43:46'
System info: host: 'SHAJIB', ip: '192.168.160.2', os.name: 'Windows 10', os.arch: 'amd64', os.version: '10.0', java.version: '1.8.0_121'
Driver info: driver.version: unknown
	at net.thucydides.core.annotations.locators.SmartAjaxElementLocator.ajaxFindElement(SmartAjaxElementLocator.java:145)
	at net.thucydides.core.annotations.locators.SmartAjaxElementLocator.findElement(SmartAjaxElementLocator.java:93)
	at net.serenitybdd.core.pages.WebElementFacadeImpl.getElement(WebElementFacadeImpl.java:144)
	at net.serenitybdd.core.pages.WebElementFacadeImpl.sendKeys(WebElementFacadeImpl.java:1040)
	at sun.reflect.NativeMethodAccessorImpl.invoke0(Native Method)
	at sun.reflect.NativeMethodAccessorImpl.invoke(NativeMethodAccessorImpl.java:62)
	at sun.reflect.DelegatingMethodAccessorImpl.invoke(DelegatingMethodAccessorImpl.java:43)
	at java.lang.reflect.Method.invoke(Method.java:498)
	at net.thucydides.core.annotations.locators.AbstractSingleItemHandler.invoke(AbstractSingleItemHandler.java:45)
	at com.sun.proxy.$Proxy28.sendKeys(Unknown Source)
	at net.serenity.bdd.junit.cucumber.pages.LoginPage.performLogIn(LoginPage.java:29)
	at net.serenity.bdd.junit.cucumber.stepDef.WebSheetStepDef.user_Sing_In_with_Valid__valid(WebSheetStepDef.java:36)
	at ?.When User Sing In with Valid user name and valid password(WebSheetApp/ApExWebSheet.feature:4)

Scenario: Happy Path  Time elapsed: 0.01 sec  <<< ERROR!
org.openqa.selenium.NoSuchElementException: Timed out after 50 seconds. Element not found
For documentation on this error, please visit: http://seleniumhq.org/exceptions/no_such_element.html
Build info: version: '2.53.0', revision: '35ae25b1534ae328c771e0856c93e187490ca824', time: '2016-03-15 10:43:46'
System info: host: 'SHAJIB', ip: '192.168.160.2', os.name: 'Windows 10', os.arch: 'amd64', os.version: '10.0', java.version: '1.8.0_121'
Driver info: driver.version: unknown
	at net.thucydides.core.annotations.locators.SmartAjaxElementLocator.ajaxFindElement(SmartAjaxElementLocator.java:145)
	at net.thucydides.core.annotations.locators.SmartAjaxElementLocator.findElement(SmartAjaxElementLocator.java:93)
	at net.serenitybdd.core.pages.WebElementFacadeImpl.getElement(WebElementFacadeImpl.java:144)
	at net.serenitybdd.core.pages.WebElementFacadeImpl.sendKeys(WebElementFacadeImpl.java:1040)
	at sun.reflect.NativeMethodAccessorImpl.invoke0(Native Method)
	at sun.reflect.NativeMethodAccessorImpl.invoke(NativeMethodAccessorImpl.java:62)
	at sun.reflect.DelegatingMethodAccessorImpl.invoke(DelegatingMethodAccessorImpl.java:43)
	at java.lang.reflect.Method.invoke(Method.java:498)
	at net.thucydides.core.annotations.locators.AbstractSingleItemHandler.invoke(AbstractSingleItemHandler.java:45)
	at com.sun.proxy.$Proxy28.sendKeys(Unknown Source)
	at net.serenity.bdd.junit.cucumber.pages.LoginPage.performLogIn(LoginPage.java:29)
	at net.serenity.bdd.junit.cucumber.stepDef.WebSheetStepDef.user_Sing_In_with_Valid__valid(WebSheetStepDef.java:36)
	at ?.When User Sing In with Valid user name and valid password(WebSheetApp/ApExWebSheet.feature:4)

